# Push Log for symbiotic-resonance-field
# Generated by gitfield-sync

[2025-06-06 13:45:49] Local: 
[2025-06-06 13:46:02] Radicle: RID=rad:z3FEj7rF8gZw9eFksCuiN43qjzrex, Peer ID=z6Mkw5s3ppo26C7y7tGK5MD8n2GqTHS582PPpeX5Xqbu2Mpz
  CLI: rad inspect rad:z3FEj7rF8gZw9eFksCuiN43qjzrex # View project details
  CLI: git ls-tree -r --name-only HEAD # View file structure
[2025-06-06 13:46:14] Forgejo: https://remember.thefoldwithin.earth/mrhavens/symbiotic-resonance-field
[2025-06-06 13:46:31] GitLab: https://gitlab.com/mrhavens/symbiotic-resonance-field
[2025-06-06 13:46:44] Bitbucket: https://bitbucket.org/thefoldwithin/symbiotic-resonance-field
[2025-06-06 13:47:10] GitHub: https://github.com/mrhavens/symbiotic-resonance-field
[2025-06-06 13:47:11] Local: 
[2025-06-06 13:47:59] Radicle: RID=rad:z3FEj7rF8gZw9eFksCuiN43qjzrex, Peer ID=z6Mkw5s3ppo26C7y7tGK5MD8n2GqTHS582PPpeX5Xqbu2Mpz
  CLI: rad inspect rad:z3FEj7rF8gZw9eFksCuiN43qjzrex # View project details
  CLI: git ls-tree -r --name-only HEAD # View file structure
[2025-06-06 13:48:06] Forgejo: https://remember.thefoldwithin.earth/mrhavens/symbiotic-resonance-field
[2025-06-06 13:48:20] GitLab: https://gitlab.com/mrhavens/symbiotic-resonance-field
[2025-06-06 13:48:32] Bitbucket: https://bitbucket.org/thefoldwithin/symbiotic-resonance-field
[2025-06-06 13:48:47] GitHub: https://github.com/mrhavens/symbiotic-resonance-field
[2025-06-06 13:48:47] Local: 
[2025-06-06 13:48:58] Radicle: RID=rad:z3FEj7rF8gZw9eFksCuiN43qjzrex, Peer ID=z6Mkw5s3ppo26C7y7tGK5MD8n2GqTHS582PPpeX5Xqbu2Mpz
  CLI: rad inspect rad:z3FEj7rF8gZw9eFksCuiN43qjzrex # View project details
  CLI: git ls-tree -r --name-only HEAD # View file structure
[2025-06-06 13:49:02] Forgejo: https://remember.thefoldwithin.earth/mrhavens/symbiotic-resonance-field
[2025-06-06 13:49:16] GitLab: https://gitlab.com/mrhavens/symbiotic-resonance-field
[2025-06-06 13:49:27] Bitbucket: https://bitbucket.org/thefoldwithin/symbiotic-resonance-field
[2025-06-10T08:29:42Z] Local: , Branch=main, Commit=6785750
  Diff Summary:
     .gitfield/local.sigil.md | 20 ++++++++++----------
     1 file changed, 10 insertions(+), 10 deletions(-)
[2025-06-10T08:30:03Z] Radicle: RID=rad:z3FEj7rF8gZw9eFksCuiN43qjzrex, Peer ID=z6Mkw5s3ppo26C7y7tGK5MD8n2GqTHS582PPpeX5Xqbu2Mpz, Branch=main, Commit=6785750
  CLI: rad inspect rad:z3FEj7rF8gZw9eFksCuiN43qjzrex # View project details
  CLI: git ls-tree -r --name-only HEAD # View file structure
  Diff Summary:
     .gitfield/canonical.meta.asc       | 16 ++++++++++++++++
     .gitfield/index.json.asc           | 16 ++++++++++++++++
     .gitfield/pushed.log               |  4 ++++
     .well-known/gitfield.json.asc      | 16 ++++++++++++++++
     docs/.well-known/gitfield.json.asc | 16 ++++++++++++++++
     docs/canonical.meta.asc            | 16 ++++++++++++++++
     docs/gitfield.json.asc             | 16 ++++++++++++++++
     docs/index.json.asc                | 16 ++++++++++++++++
     docs/integrity.sha256.asc          | 16 ++++++++++++++++
     docs/repos.json.asc                | 16 ++++++++++++++++
     10 files changed, 148 insertions(+)
[2025-06-10T08:30:09Z] Forgejo: https://remember.thefoldwithin.earth/mrhavens/symbiotic-resonance-field, Branch=main, Commit=6785750
  Diff Summary:
     .gitfield/remember.sigil.md | 22 +++++++++++-----------
     1 file changed, 11 insertions(+), 11 deletions(-)
